# JRE version: OpenJDK Runtime Environment (21.0.8) (build 21.0.8+-14196175-b1038.72)
# Java VM: OpenJDK 64-Bit Server VM (21.0.8+-14196175-b1038.72, mixed mode, tiered, compressed oops, compressed class ptrs, g1 gc, windows-amd64)
GC Precious Log:
 CardTable entry size: 512
 Card Set container configuration: InlinePtr #cards 5 size 8 Array Of Cards #cards 12 size 40 Howl #buckets 4 coarsen threshold 1843 Howl Bitmap #cards 512 size 80 coarsen threshold 460 Card regions per heap region 1 cards per card region 2048
 CPUs: 8 total, 8 available
 Memory: 7876M
 Large Page Support: Disabled
 NUMA Support: Disabled
 Compressed Oops: Enabled (32-bit)
 Heap Region Size: 1M
 Heap Min Capacity: 8M
 Heap Initial Capacity: 124M
 Heap Max Capacity: 2G
 Pre-touch: Disabled
 Parallel Workers: 8
 Concurrent Workers: 2
 Concurrent Refinement Workers: 8
 Periodic GC: Disabled
Heap:
 garbage-first heap   total 244736K, used 140841K [0x0000000080000000, 0x0000000100000000)
  region size 1024K, 20 young (20480K), 7 survivors (7168K)
 Metaspace       used 83988K, committed 85952K, reserved 1179648K
  class space    used 11671K, committed 12672K, reserved 1048576K
GC Heap History (20 events):
Event: 8.580 GC heap before
{Heap before GC invocations=18 (full 0):
 garbage-first heap   total 145408K, used 130157K [0x0000000080000000, 0x0000000100000000)
  region size 1024K, 42 young (43008K), 7 survivors (7168K)
 Metaspace       used 61665K, committed 63296K, reserved 1114112K
  class space    used 8553K, committed 9344K, reserved 1048576K
}
Event: 8.588 GC heap after
{Heap after GC invocations=19 (full 0):
 garbage-first heap   total 145408K, used 97506K [0x0000000080000000, 0x0000000100000000)
  region size 1024K, 4 young (4096K), 4 survivors (4096K)
 Metaspace       used 61665K, committed 63296K, reserved 1114112K
  class space    used 8553K, committed 9344K, reserved 1048576K
}
Event: 9.036 GC heap before
{Heap before GC invocations=19 (full 0):
 garbage-first heap   total 145408K, used 132322K [0x0000000080000000, 0x0000000100000000)
  region size 1024K, 38 young (38912K), 4 survivors (4096K)
 Metaspace       used 66183K, committed 67840K, reserved 1114112K
  class space    used 9265K, committed 10048K, reserved 1048576K
}
Event: 9.040 GC heap after
{Heap after GC invocations=20 (full 0):
 garbage-first heap   total 145408K, used 99697K [0x0000000080000000, 0x0000000100000000)
  region size 1024K, 3 young (3072K), 3 survivors (3072K)
 Metaspace       used 66183K, committed 67840K, reserved 1114112K
  class space    used 9265K, committed 10048K, reserved 1048576K
}
Event: 9.588 GC heap before
{Heap before GC invocations=21 (full 0):
 garbage-first heap   total 167936K, used 132465K [0x0000000080000000, 0x0000000100000000)
  region size 1024K, 35 young (35840K), 3 survivors (3072K)
 Metaspace       used 69425K, committed 71232K, reserved 1114112K
  class space    used 9805K, committed 10688K, reserved 1048576K
}
Event: 9.592 GC heap after
{Heap after GC invocations=22 (full 0):
 garbage-first heap   total 167936K, used 101751K [0x0000000080000000, 0x0000000100000000)
  region size 1024K, 5 young (5120K), 5 survivors (5120K)
 Metaspace       used 69425K, committed 71232K, reserved 1114112K
  class space    used 9805K, committed 10688K, reserved 1048576K
}
Event: 10.556 GC heap before
{Heap before GC invocations=22 (full 0):
 garbage-first heap   total 167936K, used 151927K [0x0000000080000000, 0x0000000100000000)
  region size 1024K, 55 young (56320K), 5 survivors (5120K)
 Metaspace       used 71468K, committed 73216K, reserved 1114112K
  class space    used 10034K, committed 10880K, reserved 1048576K
}
Event: 10.564 GC heap after
{Heap after GC invocations=23 (full 0):
 garbage-first heap   total 167936K, used 105382K [0x0000000080000000, 0x0000000100000000)
  region size 1024K, 7 young (7168K), 7 survivors (7168K)
 Metaspace       used 71468K, committed 73216K, reserved 1114112K
  class space    used 10034K, committed 10880K, reserved 1048576K
}
Event: 10.806 GC heap before
{Heap before GC invocations=23 (full 0):
 garbage-first heap   total 167936K, used 150438K [0x0000000080000000, 0x0000000100000000)
  region size 1024K, 52 young (53248K), 7 survivors (7168K)
 Metaspace       used 71738K, committed 73472K, reserved 1114112K
  class space    used 10035K, committed 10880K, reserved 1048576K
}
Event: 10.813 GC heap after
{Heap after GC invocations=24 (full 0):
 garbage-first heap   total 167936K, used 107520K [0x0000000080000000, 0x0000000100000000)
  region size 1024K, 4 young (4096K), 4 survivors (4096K)
 Metaspace       used 71738K, committed 73472K, reserved 1114112K
  class space    used 10035K, committed 10880K, reserved 1048576K
}
Event: 11.043 GC heap before
{Heap before GC invocations=25 (full 0):
 garbage-first heap   total 179200K, used 153600K [0x0000000080000000, 0x0000000100000000)
  region size 1024K, 49 young (50176K), 4 survivors (4096K)
 Metaspace       used 71776K, committed 73536K, reserved 1114112K
  class space    used 10035K, committed 10880K, reserved 1048576K
}
Event: 11.047 GC heap after
{Heap after GC invocations=26 (full 0):
 garbage-first heap   total 179200K, used 108024K [0x0000000080000000, 0x0000000100000000)
  region size 1024K, 5 young (5120K), 5 survivors (5120K)
 Metaspace       used 71776K, committed 73536K, reserved 1114112K
  class space    used 10035K, committed 10880K, reserved 1048576K
}
Event: 11.673 GC heap before
{Heap before GC invocations=26 (full 0):
 garbage-first heap   total 179200K, used 168440K [0x0000000080000000, 0x0000000100000000)
  region size 1024K, 59 young (60416K), 5 survivors (5120K)
 Metaspace       used 73066K, committed 74816K, reserved 1114112K
  class space    used 10211K, committed 11072K, reserved 1048576K
}
Event: 11.681 GC heap after
{Heap after GC invocations=27 (full 0):
 garbage-first heap   total 183296K, used 119447K [0x0000000080000000, 0x0000000100000000)
  region size 1024K, 8 young (8192K), 8 survivors (8192K)
 Metaspace       used 73066K, committed 74816K, reserved 1114112K
  class space    used 10211K, committed 11072K, reserved 1048576K
}
Event: 11.691 GC heap before
{Heap before GC invocations=27 (full 0):
 garbage-first heap   total 183296K, used 119447K [0x0000000080000000, 0x0000000100000000)
  region size 1024K, 9 young (9216K), 8 survivors (8192K)
 Metaspace       used 73108K, committed 74880K, reserved 1114112K
  class space    used 10214K, committed 11072K, reserved 1048576K
}
Event: 11.696 GC heap after
{Heap after GC invocations=28 (full 0):
 garbage-first heap   total 183296K, used 120567K [0x0000000080000000, 0x0000000100000000)
  region size 1024K, 1 young (1024K), 1 survivors (1024K)
 Metaspace       used 73108K, committed 74880K, reserved 1114112K
  class space    used 10214K, committed 11072K, reserved 1048576K
}
Event: 12.254 GC heap before
{Heap before GC invocations=29 (full 0):
 garbage-first heap   total 203776K, used 166647K [0x0000000080000000, 0x0000000100000000)
  region size 1024K, 46 young (47104K), 1 survivors (1024K)
 Metaspace       used 77240K, committed 79040K, reserved 1179648K
  class space    used 10710K, committed 11584K, reserved 1048576K
}
Event: 12.257 GC heap after
{Heap after GC invocations=30 (full 0):
 garbage-first heap   total 203776K, used 122439K [0x0000000080000000, 0x0000000100000000)
  region size 1024K, 2 young (2048K), 2 survivors (2048K)
 Metaspace       used 77240K, committed 79040K, reserved 1179648K
  class space    used 10710K, committed 11584K, reserved 1048576K
}
Event: 12.986 GC heap before
{Heap before GC invocations=30 (full 0):
 garbage-first heap   total 203776K, used 191047K [0x0000000080000000, 0x0000000100000000)
  region size 1024K, 64 young (65536K), 2 survivors (2048K)
 Metaspace       used 82935K, committed 84864K, reserved 1179648K
  class space    used 11550K, committed 12480K, reserved 1048576K
}
Event: 13.161 GC heap after
{Heap after GC invocations=31 (full 0):
 garbage-first heap   total 244736K, used 128553K [0x0000000080000000, 0x0000000100000000)
  region size 1024K, 7 young (7168K), 7 survivors (7168K)
 Metaspace       used 82935K, committed 84864K, reserved 1179648K
  class space    used 11550K, committed 12480K, reserved 1048576K
}

