# JRE version: OpenJDK Runtime Environment (21.0.8) (build 21.0.8+-14196175-b1038.72)
# Java VM: OpenJDK 64-Bit Server VM (21.0.8+-14196175-b1038.72, mixed mode, tiered, compressed oops, compressed class ptrs, g1 gc, windows-amd64)
GC Precious Log:
 CardTable entry size: 512
 Card Set container configuration: InlinePtr #cards 5 size 8 Array Of Cards #cards 12 size 40 Howl #buckets 4 coarsen threshold 1843 Howl Bitmap #cards 512 size 80 coarsen threshold 460 Card regions per heap region 1 cards per card region 2048
 CPUs: 8 total, 8 available
 Memory: 7876M
 Large Page Support: Disabled
 NUMA Support: Disabled
 Compressed Oops: Enabled (32-bit)
 Heap Region Size: 1M
 Heap Min Capacity: 8M
 Heap Initial Capacity: 124M
 Heap Max Capacity: 2G
 Pre-touch: Disabled
 Parallel Workers: 8
 Concurrent Workers: 2
 Concurrent Refinement Workers: 8
 Periodic GC: Disabled
Heap:
 garbage-first heap   total 172032K, used 155540K [0x0000000080000000, 0x0000000100000000)
  region size 1024K, 55 young (56320K), 6 survivors (6144K)
 Metaspace       used 74485K, committed 76160K, reserved 1114112K
  class space    used 10431K, committed 11264K, reserved 1048576K
GC Heap History (20 events):
Event: 6.605 GC heap before
{Heap before GC invocations=13 (full 0):
 garbage-first heap   total 111616K, used 90584K [0x0000000080000000, 0x0000000100000000)
  region size 1024K, 28 young (28672K), 4 survivors (4096K)
 Metaspace       used 46727K, committed 47744K, reserved 1114112K
  class space    used 6435K, committed 6912K, reserved 1048576K
}
Event: 6.611 GC heap after
{Heap after GC invocations=14 (full 0):
 garbage-first heap   total 111616K, used 67776K [0x0000000080000000, 0x0000000100000000)
  region size 1024K, 2 young (2048K), 2 survivors (2048K)
 Metaspace       used 46727K, committed 47744K, reserved 1114112K
  class space    used 6435K, committed 6912K, reserved 1048576K
}
Event: 7.239 GC heap before
{Heap before GC invocations=14 (full 0):
 garbage-first heap   total 111616K, used 103616K [0x0000000080000000, 0x0000000100000000)
  region size 1024K, 33 young (33792K), 2 survivors (2048K)
 Metaspace       used 50764K, committed 51904K, reserved 1114112K
  class space    used 6959K, committed 7488K, reserved 1048576K
}
Event: 7.246 GC heap after
{Heap after GC invocations=15 (full 0):
 garbage-first heap   total 134144K, used 69528K [0x0000000080000000, 0x0000000100000000)
  region size 1024K, 5 young (5120K), 5 survivors (5120K)
 Metaspace       used 50764K, committed 51904K, reserved 1114112K
  class space    used 6959K, committed 7488K, reserved 1048576K
}
Event: 8.153 GC heap before
{Heap before GC invocations=15 (full 0):
 garbage-first heap   total 134144K, used 117656K [0x0000000080000000, 0x0000000100000000)
  region size 1024K, 52 young (53248K), 5 survivors (5120K)
 Metaspace       used 56466K, committed 57920K, reserved 1114112K
  class space    used 7940K, committed 8640K, reserved 1048576K
}
Event: 8.161 GC heap after
{Heap after GC invocations=16 (full 0):
 garbage-first heap   total 134144K, used 72178K [0x0000000080000000, 0x0000000100000000)
  region size 1024K, 5 young (5120K), 5 survivors (5120K)
 Metaspace       used 56466K, committed 57920K, reserved 1114112K
  class space    used 7940K, committed 8640K, reserved 1048576K
}
Event: 9.184 GC heap before
{Heap before GC invocations=17 (full 0):
 garbage-first heap   total 134144K, used 122354K [0x0000000080000000, 0x0000000100000000)
  region size 1024K, 52 young (53248K), 5 survivors (5120K)
 Metaspace       used 60746K, committed 62272K, reserved 1114112K
  class space    used 8684K, committed 9408K, reserved 1048576K
}
Event: 9.193 GC heap after
{Heap after GC invocations=18 (full 0):
 garbage-first heap   total 134144K, used 78424K [0x0000000080000000, 0x0000000100000000)
  region size 1024K, 7 young (7168K), 7 survivors (7168K)
 Metaspace       used 60746K, committed 62272K, reserved 1114112K
  class space    used 8684K, committed 9408K, reserved 1048576K
}
Event: 9.434 GC heap before
{Heap before GC invocations=18 (full 0):
 garbage-first heap   total 134144K, used 118360K [0x0000000080000000, 0x0000000100000000)
  region size 1024K, 46 young (47104K), 7 survivors (7168K)
 Metaspace       used 60839K, committed 62336K, reserved 1114112K
  class space    used 8687K, committed 9408K, reserved 1048576K
}
Event: 9.444 GC heap after
{Heap after GC invocations=19 (full 0):
 garbage-first heap   total 134144K, used 79881K [0x0000000080000000, 0x0000000100000000)
  region size 1024K, 3 young (3072K), 3 survivors (3072K)
 Metaspace       used 60839K, committed 62336K, reserved 1114112K
  class space    used 8687K, committed 9408K, reserved 1048576K
}
Event: 9.648 GC heap before
{Heap before GC invocations=19 (full 0):
 garbage-first heap   total 134144K, used 121865K [0x0000000080000000, 0x0000000100000000)
  region size 1024K, 44 young (45056K), 3 survivors (3072K)
 Metaspace       used 60855K, committed 62336K, reserved 1114112K
  class space    used 8687K, committed 9408K, reserved 1048576K
}
Event: 9.653 GC heap after
{Heap after GC invocations=20 (full 0):
 garbage-first heap   total 134144K, used 80481K [0x0000000080000000, 0x0000000100000000)
  region size 1024K, 3 young (3072K), 3 survivors (3072K)
 Metaspace       used 60855K, committed 62336K, reserved 1114112K
  class space    used 8687K, committed 9408K, reserved 1048576K
}
Event: 10.006 GC heap before
{Heap before GC invocations=21 (full 0):
 garbage-first heap   total 135168K, used 122465K [0x0000000080000000, 0x0000000100000000)
  region size 1024K, 44 young (45056K), 3 survivors (3072K)
 Metaspace       used 62051K, committed 63488K, reserved 1114112K
  class space    used 8856K, committed 9536K, reserved 1048576K
}
Event: 10.010 GC heap after
{Heap after GC invocations=22 (full 0):
 garbage-first heap   total 135168K, used 81476K [0x0000000080000000, 0x0000000100000000)
  region size 1024K, 4 young (4096K), 4 survivors (4096K)
 Metaspace       used 62051K, committed 63488K, reserved 1114112K
  class space    used 8856K, committed 9536K, reserved 1048576K
}
Event: 10.612 GC heap before
{Heap before GC invocations=22 (full 0):
 garbage-first heap   total 135168K, used 128580K [0x0000000080000000, 0x0000000100000000)
  region size 1024K, 44 young (45056K), 4 survivors (4096K)
 Metaspace       used 64316K, committed 65792K, reserved 1114112K
  class space    used 9099K, committed 9792K, reserved 1048576K
}
Event: 10.620 GC heap after
{Heap after GC invocations=23 (full 0):
 garbage-first heap   total 140288K, used 92683K [0x0000000080000000, 0x0000000100000000)
  region size 1024K, 6 young (6144K), 6 survivors (6144K)
 Metaspace       used 64316K, committed 65792K, reserved 1114112K
  class space    used 9099K, committed 9792K, reserved 1048576K
}
Event: 10.704 GC heap before
{Heap before GC invocations=23 (full 0):
 garbage-first heap   total 140288K, used 125451K [0x0000000080000000, 0x0000000100000000)
  region size 1024K, 38 young (38912K), 6 survivors (6144K)
 Metaspace       used 64354K, committed 65792K, reserved 1114112K
  class space    used 9099K, committed 9792K, reserved 1048576K
}
Event: 10.709 GC heap after
{Heap after GC invocations=24 (full 0):
 garbage-first heap   total 168960K, used 94100K [0x0000000080000000, 0x0000000100000000)
  region size 1024K, 1 young (1024K), 1 survivors (1024K)
 Metaspace       used 64354K, committed 65792K, reserved 1114112K
  class space    used 9099K, committed 9792K, reserved 1048576K
}
Event: 11.874 GC heap before
{Heap before GC invocations=25 (full 0):
 garbage-first heap   total 168960K, used 164756K [0x0000000080000000, 0x0000000100000000)
  region size 1024K, 62 young (63488K), 1 survivors (1024K)
 Metaspace       used 67740K, committed 69312K, reserved 1114112K
  class space    used 9437K, committed 10176K, reserved 1048576K
}
Event: 11.881 GC heap after
{Heap after GC invocations=26 (full 0):
 garbage-first heap   total 172032K, used 106388K [0x0000000080000000, 0x0000000100000000)
  region size 1024K, 6 young (6144K), 6 survivors (6144K)
 Metaspace       used 67740K, committed 69312K, reserved 1114112K
  class space    used 9437K, committed 10176K, reserved 1048576K
}

