# JRE version: OpenJDK Runtime Environment (21.0.8) (build 21.0.8+-14196175-b1038.72)
# Java VM: OpenJDK 64-Bit Server VM (21.0.8+-14196175-b1038.72, mixed mode, tiered, compressed oops, compressed class ptrs, g1 gc, windows-amd64)
GC Precious Log:
 CardTable entry size: 512
 Card Set container configuration: InlinePtr #cards 5 size 8 Array Of Cards #cards 12 size 40 Howl #buckets 4 coarsen threshold 1843 Howl Bitmap #cards 512 size 80 coarsen threshold 460 Card regions per heap region 1 cards per card region 2048
 CPUs: 8 total, 8 available
 Memory: 7876M
 Large Page Support: Disabled
 NUMA Support: Disabled
 Compressed Oops: Enabled (32-bit)
 Heap Region Size: 1M
 Heap Min Capacity: 8M
 Heap Initial Capacity: 124M
 Heap Max Capacity: 2G
 Pre-touch: Disabled
 Parallel Workers: 8
 Concurrent Workers: 2
 Concurrent Refinement Workers: 8
 Periodic GC: Disabled
Heap:
 garbage-first heap   total 394240K, used 273311K [0x0000000080000000, 0x0000000100000000)
  region size 1024K, 39 young (39936K), 4 survivors (4096K)
 Metaspace       used 168151K, committed 170752K, reserved 1245184K
  class space    used 23205K, committed 24448K, reserved 1048576K
GC Heap History (20 events):
Event: 55.351 GC heap before
{Heap before GC invocations=54 (full 0):
 garbage-first heap   total 347136K, used 238080K [0x0000000080000000, 0x0000000100000000)
  region size 1024K, 19 young (19456K), 10 survivors (10240K)
 Metaspace       used 139550K, committed 142080K, reserved 1179648K
  class space    used 19233K, committed 20416K, reserved 1048576K
}
Event: 55.360 GC heap after
{Heap after GC invocations=55 (full 0):
 garbage-first heap   total 347136K, used 231253K [0x0000000080000000, 0x0000000100000000)
  region size 1024K, 2 young (2048K), 2 survivors (2048K)
 Metaspace       used 139550K, committed 142080K, reserved 1179648K
  class space    used 19233K, committed 20416K, reserved 1048576K
}
Event: 57.024 GC heap before
{Heap before GC invocations=55 (full 0):
 garbage-first heap   total 347136K, used 322389K [0x0000000080000000, 0x0000000100000000)
  region size 1024K, 65 young (66560K), 2 survivors (2048K)
 Metaspace       used 141866K, committed 144256K, reserved 1179648K
  class space    used 19469K, committed 20608K, reserved 1048576K
}
Event: 57.031 GC heap after
{Heap after GC invocations=56 (full 0):
 garbage-first heap   total 347136K, used 236180K [0x0000000080000000, 0x0000000100000000)
  region size 1024K, 8 young (8192K), 8 survivors (8192K)
 Metaspace       used 141866K, committed 144256K, reserved 1179648K
  class space    used 19469K, committed 20608K, reserved 1048576K
}
Event: 57.597 GC heap before
{Heap before GC invocations=56 (full 0):
 garbage-first heap   total 347136K, used 307860K [0x0000000080000000, 0x0000000100000000)
  region size 1024K, 77 young (78848K), 8 survivors (8192K)
 Metaspace       used 142474K, committed 144960K, reserved 1179648K
  class space    used 19551K, committed 20736K, reserved 1048576K
}
Event: 57.609 GC heap after
{Heap after GC invocations=57 (full 0):
 garbage-first heap   total 347136K, used 236193K [0x0000000080000000, 0x0000000100000000)
  region size 1024K, 6 young (6144K), 6 survivors (6144K)
 Metaspace       used 142474K, committed 144960K, reserved 1179648K
  class space    used 19551K, committed 20736K, reserved 1048576K
}
Event: 58.824 GC heap before
{Heap before GC invocations=57 (full 0):
 garbage-first heap   total 347136K, used 308897K [0x0000000080000000, 0x0000000100000000)
  region size 1024K, 78 young (79872K), 6 survivors (6144K)
 Metaspace       used 142504K, committed 144960K, reserved 1179648K
  class space    used 19551K, committed 20736K, reserved 1048576K
}
Event: 58.837 GC heap after
{Heap after GC invocations=58 (full 0):
 garbage-first heap   total 347136K, used 237017K [0x0000000080000000, 0x0000000100000000)
  region size 1024K, 8 young (8192K), 8 survivors (8192K)
 Metaspace       used 142504K, committed 144960K, reserved 1179648K
  class space    used 19551K, committed 20736K, reserved 1048576K
}
Event: 60.284 GC heap before
{Heap before GC invocations=58 (full 0):
 garbage-first heap   total 347136K, used 312793K [0x0000000080000000, 0x0000000100000000)
  region size 1024K, 83 young (84992K), 8 survivors (8192K)
 Metaspace       used 143517K, committed 145984K, reserved 1179648K
  class space    used 19697K, committed 20864K, reserved 1048576K
}
Event: 60.293 GC heap after
{Heap after GC invocations=59 (full 0):
 garbage-first heap   total 347136K, used 239967K [0x0000000080000000, 0x0000000100000000)
  region size 1024K, 8 young (8192K), 8 survivors (8192K)
 Metaspace       used 143517K, committed 145984K, reserved 1179648K
  class space    used 19697K, committed 20864K, reserved 1048576K
}
Event: 121.510 GC heap before
{Heap before GC invocations=60 (full 0):
 garbage-first heap   total 382976K, used 305503K [0x0000000080000000, 0x0000000100000000)
  region size 1024K, 84 young (86016K), 8 survivors (8192K)
 Metaspace       used 149125K, committed 151616K, reserved 1179648K
  class space    used 20433K, committed 21632K, reserved 1048576K
}
Event: 121.587 GC heap after
{Heap after GC invocations=61 (full 0):
 garbage-first heap   total 382976K, used 233636K [0x0000000080000000, 0x0000000100000000)
  region size 1024K, 11 young (11264K), 11 survivors (11264K)
 Metaspace       used 149125K, committed 151616K, reserved 1179648K
  class space    used 20433K, committed 21632K, reserved 1048576K
}
Event: 218.188 GC heap before
{Heap before GC invocations=61 (full 0):
 garbage-first heap   total 382976K, used 343204K [0x0000000080000000, 0x0000000100000000)
  region size 1024K, 119 young (121856K), 11 survivors (11264K)
 Metaspace       used 149527K, committed 152064K, reserved 1179648K
  class space    used 20445K, committed 21696K, reserved 1048576K
}
Event: 218.233 GC heap after
{Heap after GC invocations=62 (full 0):
 garbage-first heap   total 382976K, used 240772K [0x0000000080000000, 0x0000000100000000)
  region size 1024K, 15 young (15360K), 15 survivors (15360K)
 Metaspace       used 149527K, committed 152064K, reserved 1179648K
  class space    used 20445K, committed 21696K, reserved 1048576K
}
Event: 219.737 GC heap before
{Heap before GC invocations=62 (full 0):
 garbage-first heap   total 382976K, used 341124K [0x0000000080000000, 0x0000000100000000)
  region size 1024K, 114 young (116736K), 15 survivors (15360K)
 Metaspace       used 149969K, committed 152512K, reserved 1179648K
  class space    used 20519K, committed 21760K, reserved 1048576K
}
Event: 219.769 GC heap after
{Heap after GC invocations=63 (full 0):
 garbage-first heap   total 382976K, used 227527K [0x0000000080000000, 0x0000000100000000)
  region size 1024K, 7 young (7168K), 7 survivors (7168K)
 Metaspace       used 149969K, committed 152512K, reserved 1179648K
  class space    used 20519K, committed 21760K, reserved 1048576K
}
Event: 222.148 GC heap before
{Heap before GC invocations=63 (full 0):
 garbage-first heap   total 382976K, used 345287K [0x0000000080000000, 0x0000000100000000)
  region size 1024K, 123 young (125952K), 7 survivors (7168K)
 Metaspace       used 160242K, committed 162816K, reserved 1245184K
  class space    used 22066K, committed 23296K, reserved 1048576K
}
Event: 222.163 GC heap after
{Heap after GC invocations=64 (full 0):
 garbage-first heap   total 382976K, used 236131K [0x0000000080000000, 0x0000000100000000)
  region size 1024K, 15 young (15360K), 15 survivors (15360K)
 Metaspace       used 160242K, committed 162816K, reserved 1245184K
  class space    used 22066K, committed 23296K, reserved 1048576K
}
Event: 224.206 GC heap before
{Heap before GC invocations=65 (full 0):
 garbage-first heap   total 394240K, used 346723K [0x0000000080000000, 0x0000000100000000)
  region size 1024K, 123 young (125952K), 15 survivors (15360K)
 Metaspace       used 167971K, committed 170560K, reserved 1245184K
  class space    used 23197K, committed 24448K, reserved 1048576K
}
Event: 224.418 GC heap after
{Heap after GC invocations=66 (full 0):
 garbage-first heap   total 394240K, used 238495K [0x0000000080000000, 0x0000000100000000)
  region size 1024K, 4 young (4096K), 4 survivors (4096K)
 Metaspace       used 167971K, committed 170560K, reserved 1245184K
  class space    used 23197K, committed 24448K, reserved 1048576K
}

