# JRE version: OpenJDK Runtime Environment (21.0.8) (build 21.0.8+-14196175-b1038.72)
# Java VM: OpenJDK 64-Bit Server VM (21.0.8+-14196175-b1038.72, mixed mode, tiered, compressed oops, compressed class ptrs, g1 gc, windows-amd64)
GC Precious Log:
 CardTable entry size: 512
 Card Set container configuration: InlinePtr #cards 5 size 8 Array Of Cards #cards 12 size 40 Howl #buckets 4 coarsen threshold 1843 Howl Bitmap #cards 512 size 80 coarsen threshold 460 Card regions per heap region 1 cards per card region 2048
 CPUs: 8 total, 8 available
 Memory: 7876M
 Large Page Support: Disabled
 NUMA Support: Disabled
 Compressed Oops: Enabled (32-bit)
 Heap Region Size: 1M
 Heap Min Capacity: 8M
 Heap Initial Capacity: 124M
 Heap Max Capacity: 2G
 Pre-touch: Disabled
 Parallel Workers: 8
 Concurrent Workers: 2
 Concurrent Refinement Workers: 8
 Periodic GC: Disabled
Heap:
 garbage-first heap   total 328704K, used 231534K [0x0000000080000000, 0x0000000100000000)
  region size 1024K, 91 young (93184K), 19 survivors (19456K)
 Metaspace       used 116191K, committed 118400K, reserved 1179648K
  class space    used 16058K, committed 17152K, reserved 1048576K
GC Heap History (20 events):
Event: 12.554 GC heap before
{Heap before GC invocations=28 (full 0):
 garbage-first heap   total 218112K, used 110395K [0x0000000080000000, 0x0000000100000000)
  region size 1024K, 6 young (6144K), 5 survivors (5120K)
 Metaspace       used 72267K, committed 74048K, reserved 1114112K
  class space    used 10111K, committed 11008K, reserved 1048576K
}
Event: 12.558 GC heap after
{Heap after GC invocations=29 (full 0):
 garbage-first heap   total 218112K, used 110722K [0x0000000080000000, 0x0000000100000000)
  region size 1024K, 5 young (5120K), 5 survivors (5120K)
 Metaspace       used 72267K, committed 74048K, reserved 1114112K
  class space    used 10111K, committed 11008K, reserved 1048576K
}
Event: 12.624 GC heap before
{Heap before GC invocations=29 (full 0):
 garbage-first heap   total 218112K, used 112770K [0x0000000080000000, 0x0000000100000000)
  region size 1024K, 7 young (7168K), 5 survivors (5120K)
 Metaspace       used 72267K, committed 74048K, reserved 1114112K
  class space    used 10111K, committed 11008K, reserved 1048576K
}
Event: 12.629 GC heap after
{Heap after GC invocations=30 (full 0):
 garbage-first heap   total 218112K, used 112139K [0x0000000080000000, 0x0000000100000000)
  region size 1024K, 6 young (6144K), 6 survivors (6144K)
 Metaspace       used 72267K, committed 74048K, reserved 1114112K
  class space    used 10111K, committed 11008K, reserved 1048576K
}
Event: 14.146 GC heap before
{Heap before GC invocations=30 (full 0):
 garbage-first heap   total 218112K, used 178699K [0x0000000080000000, 0x0000000100000000)
  region size 1024K, 67 young (68608K), 6 survivors (6144K)
 Metaspace       used 76660K, committed 78464K, reserved 1179648K
  class space    used 10632K, committed 11520K, reserved 1048576K
}
Event: 14.151 GC heap after
{Heap after GC invocations=31 (full 0):
 garbage-first heap   total 218112K, used 122868K [0x0000000080000000, 0x0000000100000000)
  region size 1024K, 9 young (9216K), 9 survivors (9216K)
 Metaspace       used 76660K, committed 78464K, reserved 1179648K
  class space    used 10632K, committed 11520K, reserved 1048576K
}
Event: 15.113 GC heap before
{Heap before GC invocations=31 (full 0):
 garbage-first heap   total 218112K, used 185332K [0x0000000080000000, 0x0000000100000000)
  region size 1024K, 66 young (67584K), 9 survivors (9216K)
 Metaspace       used 82189K, committed 84096K, reserved 1179648K
  class space    used 11412K, committed 12352K, reserved 1048576K
}
Event: 15.122 GC heap after
{Heap after GC invocations=32 (full 0):
 garbage-first heap   total 218112K, used 130096K [0x0000000080000000, 0x0000000100000000)
  region size 1024K, 6 young (6144K), 6 survivors (6144K)
 Metaspace       used 82189K, committed 84096K, reserved 1179648K
  class space    used 11412K, committed 12352K, reserved 1048576K
}
Event: 16.171 GC heap before
{Heap before GC invocations=32 (full 0):
 garbage-first heap   total 218112K, used 187440K [0x0000000080000000, 0x0000000100000000)
  region size 1024K, 62 young (63488K), 6 survivors (6144K)
 Metaspace       used 86553K, committed 88448K, reserved 1179648K
  class space    used 11965K, committed 12864K, reserved 1048576K
}
Event: 16.178 GC heap after
{Heap after GC invocations=33 (full 0):
 garbage-first heap   total 218112K, used 133184K [0x0000000080000000, 0x0000000100000000)
  region size 1024K, 3 young (3072K), 3 survivors (3072K)
 Metaspace       used 86553K, committed 88448K, reserved 1179648K
  class space    used 11965K, committed 12864K, reserved 1048576K
}
Event: 17.029 GC heap before
{Heap before GC invocations=34 (full 0):
 garbage-first heap   total 224256K, used 191552K [0x0000000080000000, 0x0000000100000000)
  region size 1024K, 60 young (61440K), 3 survivors (3072K)
 Metaspace       used 88079K, committed 89984K, reserved 1179648K
  class space    used 12212K, committed 13184K, reserved 1048576K
}
Event: 17.049 GC heap after
{Heap after GC invocations=35 (full 0):
 garbage-first heap   total 224256K, used 137546K [0x0000000080000000, 0x0000000100000000)
  region size 1024K, 8 young (8192K), 8 survivors (8192K)
 Metaspace       used 88079K, committed 89984K, reserved 1179648K
  class space    used 12212K, committed 13184K, reserved 1048576K
}
Event: 18.936 GC heap before
{Heap before GC invocations=35 (full 0):
 garbage-first heap   total 224256K, used 198986K [0x0000000080000000, 0x0000000100000000)
  region size 1024K, 67 young (68608K), 8 survivors (8192K)
 Metaspace       used 92534K, committed 94528K, reserved 1179648K
  class space    used 12935K, committed 13888K, reserved 1048576K
}
Event: 18.946 GC heap after
{Heap after GC invocations=36 (full 0):
 garbage-first heap   total 328704K, used 138661K [0x0000000080000000, 0x0000000100000000)
  region size 1024K, 7 young (7168K), 7 survivors (7168K)
 Metaspace       used 92534K, committed 94528K, reserved 1179648K
  class space    used 12935K, committed 13888K, reserved 1048576K
}
Event: 21.410 GC heap before
{Heap before GC invocations=36 (full 0):
 garbage-first heap   total 328704K, used 270757K [0x0000000080000000, 0x0000000100000000)
  region size 1024K, 133 young (136192K), 7 survivors (7168K)
 Metaspace       used 106813K, committed 108992K, reserved 1179648K
  class space    used 15002K, committed 16064K, reserved 1048576K
}
Event: 21.419 GC heap after
{Heap after GC invocations=37 (full 0):
 garbage-first heap   total 328704K, used 146607K [0x0000000080000000, 0x0000000100000000)
  region size 1024K, 13 young (13312K), 13 survivors (13312K)
 Metaspace       used 106813K, committed 108992K, reserved 1179648K
  class space    used 15002K, committed 16064K, reserved 1048576K
}
Event: 22.607 GC heap before
{Heap before GC invocations=37 (full 0):
 garbage-first heap   total 328704K, used 210095K [0x0000000080000000, 0x0000000100000000)
  region size 1024K, 77 young (78848K), 13 survivors (13312K)
 Metaspace       used 113066K, committed 115328K, reserved 1179648K
  class space    used 15777K, committed 16896K, reserved 1048576K
}
Event: 22.618 GC heap after
{Heap after GC invocations=38 (full 0):
 garbage-first heap   total 328704K, used 150232K [0x0000000080000000, 0x0000000100000000)
  region size 1024K, 12 young (12288K), 12 survivors (12288K)
 Metaspace       used 113066K, committed 115328K, reserved 1179648K
  class space    used 15777K, committed 16896K, reserved 1048576K
}
Event: 24.993 GC heap before
{Heap before GC invocations=39 (full 0):
 garbage-first heap   total 328704K, used 297688K [0x0000000080000000, 0x0000000100000000)
  region size 1024K, 152 young (155648K), 12 survivors (12288K)
 Metaspace       used 115877K, committed 118080K, reserved 1179648K
  class space    used 16034K, committed 17152K, reserved 1048576K
}
Event: 25.009 GC heap after
{Heap after GC invocations=40 (full 0):
 garbage-first heap   total 328704K, used 159854K [0x0000000080000000, 0x0000000100000000)
  region size 1024K, 19 young (19456K), 19 survivors (19456K)
 Metaspace       used 115877K, committed 118080K, reserved 1179648K
  class space    used 16034K, committed 17152K, reserved 1048576K
}

