# JRE version: OpenJDK Runtime Environment (21.0.8) (build 21.0.8+-14196175-b1038.72)
# Java VM: OpenJDK 64-Bit Server VM (21.0.8+-14196175-b1038.72, mixed mode, tiered, compressed oops, compressed class ptrs, g1 gc, windows-amd64)
GC Precious Log:
 CardTable entry size: 512
 Card Set container configuration: InlinePtr #cards 5 size 8 Array Of Cards #cards 12 size 40 Howl #buckets 4 coarsen threshold 1843 Howl Bitmap #cards 512 size 80 coarsen threshold 460 Card regions per heap region 1 cards per card region 2048
 CPUs: 8 total, 8 available
 Memory: 7876M
 Large Page Support: Disabled
 NUMA Support: Disabled
 Compressed Oops: Enabled (32-bit)
 Heap Region Size: 1M
 Heap Min Capacity: 8M
 Heap Initial Capacity: 124M
 Heap Max Capacity: 2G
 Pre-touch: Disabled
 Parallel Workers: 8
 Concurrent Workers: 2
 Concurrent Refinement Workers: 8
 Periodic GC: Disabled
Heap:
 garbage-first heap   total 158720K, used 111791K [0x0000000080000000, 0x0000000100000000)
  region size 1024K, 5 young (5120K), 3 survivors (3072K)
 Metaspace       used 76413K, committed 78144K, reserved 1179648K
  class space    used 10770K, committed 11584K, reserved 1048576K
GC Heap History (20 events):
Event: 11.823 GC heap after
{Heap after GC invocations=15 (full 0):
 garbage-first heap   total 110592K, used 69773K [0x0000000080000000, 0x0000000100000000)
  region size 1024K, 5 young (5120K), 5 survivors (5120K)
 Metaspace       used 50871K, committed 52032K, reserved 1114112K
  class space    used 6985K, committed 7552K, reserved 1048576K
}
Event: 12.733 GC heap before
{Heap before GC invocations=15 (full 0):
 garbage-first heap   total 110592K, used 98445K [0x0000000080000000, 0x0000000100000000)
  region size 1024K, 33 young (33792K), 5 survivors (5120K)
 Metaspace       used 54305K, committed 55744K, reserved 1114112K
  class space    used 7570K, committed 8256K, reserved 1048576K
}
Event: 12.741 GC heap after
{Heap after GC invocations=16 (full 0):
 garbage-first heap   total 110592K, used 71219K [0x0000000080000000, 0x0000000100000000)
  region size 1024K, 4 young (4096K), 4 survivors (4096K)
 Metaspace       used 54305K, committed 55744K, reserved 1114112K
  class space    used 7570K, committed 8256K, reserved 1048576K
}
Event: 13.769 GC heap before
{Heap before GC invocations=17 (full 0):
 garbage-first heap   total 119808K, used 98867K [0x0000000080000000, 0x0000000100000000)
  region size 1024K, 31 young (31744K), 4 survivors (4096K)
 Metaspace       used 57295K, committed 58752K, reserved 1114112K
  class space    used 8112K, committed 8832K, reserved 1048576K
}
Event: 13.777 GC heap after
{Heap after GC invocations=18 (full 0):
 garbage-first heap   total 144384K, used 73294K [0x0000000080000000, 0x0000000100000000)
  region size 1024K, 4 young (4096K), 4 survivors (4096K)
 Metaspace       used 57295K, committed 58752K, reserved 1114112K
  class space    used 8112K, committed 8832K, reserved 1048576K
}
Event: 14.911 GC heap before
{Heap before GC invocations=18 (full 0):
 garbage-first heap   total 144384K, used 132686K [0x0000000080000000, 0x0000000100000000)
  region size 1024K, 60 young (61440K), 4 survivors (4096K)
 Metaspace       used 60899K, committed 62400K, reserved 1114112K
  class space    used 8698K, committed 9408K, reserved 1048576K
}
Event: 14.922 GC heap after
{Heap after GC invocations=19 (full 0):
 garbage-first heap   total 144384K, used 78541K [0x0000000080000000, 0x0000000100000000)
  region size 1024K, 8 young (8192K), 8 survivors (8192K)
 Metaspace       used 60899K, committed 62400K, reserved 1114112K
  class space    used 8698K, committed 9408K, reserved 1048576K
}
Event: 15.266 GC heap before
{Heap before GC invocations=19 (full 0):
 garbage-first heap   total 144384K, used 126669K [0x0000000080000000, 0x0000000100000000)
  region size 1024K, 55 young (56320K), 8 survivors (8192K)
 Metaspace       used 60946K, committed 62400K, reserved 1114112K
  class space    used 8700K, committed 9408K, reserved 1048576K
}
Event: 15.274 GC heap after
{Heap after GC invocations=20 (full 0):
 garbage-first heap   total 144384K, used 79820K [0x0000000080000000, 0x0000000100000000)
  region size 1024K, 2 young (2048K), 2 survivors (2048K)
 Metaspace       used 60946K, committed 62400K, reserved 1114112K
  class space    used 8700K, committed 9408K, reserved 1048576K
}
Event: 16.085 GC heap before
{Heap before GC invocations=21 (full 0):
 garbage-first heap   total 144384K, used 133068K [0x0000000080000000, 0x0000000100000000)
  region size 1024K, 54 young (55296K), 2 survivors (2048K)
 Metaspace       used 61631K, committed 63168K, reserved 1114112K
  class space    used 8797K, committed 9536K, reserved 1048576K
}
Event: 16.090 GC heap after
{Heap after GC invocations=22 (full 0):
 garbage-first heap   total 144384K, used 80877K [0x0000000080000000, 0x0000000100000000)
  region size 1024K, 3 young (3072K), 3 survivors (3072K)
 Metaspace       used 61631K, committed 63168K, reserved 1114112K
  class space    used 8797K, committed 9536K, reserved 1048576K
}
Event: 17.498 GC heap before
{Heap before GC invocations=22 (full 0):
 garbage-first heap   total 144384K, used 138221K [0x0000000080000000, 0x0000000100000000)
  region size 1024K, 53 young (54272K), 3 survivors (3072K)
 Metaspace       used 64497K, committed 65984K, reserved 1114112K
  class space    used 9109K, committed 9856K, reserved 1048576K
}
Event: 17.508 GC heap after
{Heap after GC invocations=23 (full 0):
 garbage-first heap   total 149504K, used 93382K [0x0000000080000000, 0x0000000100000000)
  region size 1024K, 7 young (7168K), 7 survivors (7168K)
 Metaspace       used 64497K, committed 65984K, reserved 1114112K
  class space    used 9109K, committed 9856K, reserved 1048576K
}
Event: 17.721 GC heap before
{Heap before GC invocations=23 (full 0):
 garbage-first heap   total 149504K, used 133318K [0x0000000080000000, 0x0000000100000000)
  region size 1024K, 46 young (47104K), 7 survivors (7168K)
 Metaspace       used 64502K, committed 66048K, reserved 1114112K
  class space    used 9109K, committed 9856K, reserved 1048576K
}
Event: 17.731 GC heap after
{Heap after GC invocations=24 (full 0):
 garbage-first heap   total 149504K, used 94742K [0x0000000080000000, 0x0000000100000000)
  region size 1024K, 1 young (1024K), 1 survivors (1024K)
 Metaspace       used 64502K, committed 66048K, reserved 1114112K
  class space    used 9109K, committed 9856K, reserved 1048576K
}
Event: 19.494 GC heap before
{Heap before GC invocations=25 (full 0):
 garbage-first heap   total 158720K, used 146966K [0x0000000080000000, 0x0000000100000000)
  region size 1024K, 44 young (45056K), 1 survivors (1024K)
 Metaspace       used 67533K, committed 69184K, reserved 1114112K
  class space    used 9405K, committed 10176K, reserved 1048576K
}
Event: 19.503 GC heap after
{Heap after GC invocations=26 (full 0):
 garbage-first heap   total 158720K, used 105913K [0x0000000080000000, 0x0000000100000000)
  region size 1024K, 5 young (5120K), 5 survivors (5120K)
 Metaspace       used 67533K, committed 69184K, reserved 1114112K
  class space    used 9405K, committed 10176K, reserved 1048576K
}
Event: 20.848 GC heap before
{Heap before GC invocations=26 (full 0):
 garbage-first heap   total 158720K, used 142777K [0x0000000080000000, 0x0000000100000000)
  region size 1024K, 42 young (43008K), 5 survivors (5120K)
 Metaspace       used 72436K, committed 74112K, reserved 1114112K
  class space    used 10111K, committed 10880K, reserved 1048576K
}
Event: 20.859 GC heap after
{Heap after GC invocations=27 (full 0):
 garbage-first heap   total 158720K, used 108425K [0x0000000080000000, 0x0000000100000000)
  region size 1024K, 3 young (3072K), 3 survivors (3072K)
 Metaspace       used 72436K, committed 74112K, reserved 1114112K
  class space    used 10111K, committed 10880K, reserved 1048576K
}
Event: 21.947 GC heap before
{Heap before GC invocations=27 (full 0):
 garbage-first heap   total 158720K, used 146313K [0x0000000080000000, 0x0000000100000000)
  region size 1024K, 40 young (40960K), 3 survivors (3072K)
 Metaspace       used 76338K, committed 78080K, reserved 1179648K
  class space    used 10757K, committed 11584K, reserved 1048576K
}

