# JRE version: OpenJDK Runtime Environment (21.0.8) (build 21.0.8+-14196175-b1038.72)
# Java VM: OpenJDK 64-Bit Server VM (21.0.8+-14196175-b1038.72, mixed mode, tiered, compressed oops, compressed class ptrs, g1 gc, windows-amd64)
GC Precious Log:
 CardTable entry size: 512
 Card Set container configuration: InlinePtr #cards 5 size 8 Array Of Cards #cards 12 size 40 Howl #buckets 4 coarsen threshold 1843 Howl Bitmap #cards 512 size 80 coarsen threshold 460 Card regions per heap region 1 cards per card region 2048
 CPUs: 8 total, 8 available
 Memory: 7876M
 Large Page Support: Disabled
 NUMA Support: Disabled
 Compressed Oops: Enabled (32-bit)
 Heap Region Size: 1M
 Heap Min Capacity: 8M
 Heap Initial Capacity: 124M
 Heap Max Capacity: 2G
 Pre-touch: Disabled
 Parallel Workers: 8
 Concurrent Workers: 2
 Concurrent Refinement Workers: 8
 Periodic GC: Disabled
Heap:
 garbage-first heap   total 322560K, used 280860K [0x0000000080000000, 0x0000000100000000)
  region size 1024K, 92 young (94208K), 13 survivors (13312K)
 Metaspace       used 144778K, committed 147264K, reserved 1179648K
  class space    used 20270K, committed 21440K, reserved 1048576K
GC Heap History (20 events):
Event: 18.255 GC heap before
{Heap before GC invocations=40 (full 0):
 garbage-first heap   total 261120K, used 236954K [0x0000000080000000, 0x0000000100000000)
  region size 1024K, 85 young (87040K), 8 survivors (8192K)
 Metaspace       used 118801K, committed 121024K, reserved 1179648K
  class space    used 16396K, committed 17472K, reserved 1048576K
}
Event: 18.268 GC heap after
{Heap after GC invocations=41 (full 0):
 garbage-first heap   total 261120K, used 162862K [0x0000000080000000, 0x0000000100000000)
  region size 1024K, 8 young (8192K), 8 survivors (8192K)
 Metaspace       used 118801K, committed 121024K, reserved 1179648K
  class space    used 16396K, committed 17472K, reserved 1048576K
}
Event: 18.439 GC heap before
{Heap before GC invocations=41 (full 0):
 garbage-first heap   total 261120K, used 173102K [0x0000000080000000, 0x0000000100000000)
  region size 1024K, 19 young (19456K), 8 survivors (8192K)
 Metaspace       used 119440K, committed 121792K, reserved 1179648K
  class space    used 16493K, committed 17600K, reserved 1048576K
}
Event: 18.445 GC heap after
{Heap after GC invocations=42 (full 0):
 garbage-first heap   total 261120K, used 164415K [0x0000000080000000, 0x0000000100000000)
  region size 1024K, 3 young (3072K), 3 survivors (3072K)
 Metaspace       used 119440K, committed 121792K, reserved 1179648K
  class space    used 16493K, committed 17600K, reserved 1048576K
}
Event: 31.608 GC heap before
{Heap before GC invocations=43 (full 0):
 garbage-first heap   total 278528K, used 242239K [0x0000000080000000, 0x0000000100000000)
  region size 1024K, 78 young (79872K), 3 survivors (3072K)
 Metaspace       used 121201K, committed 123648K, reserved 1179648K
  class space    used 16739K, committed 17920K, reserved 1048576K
}
Event: 31.618 GC heap after
{Heap after GC invocations=44 (full 0):
 garbage-first heap   total 278528K, used 173056K [0x0000000080000000, 0x0000000100000000)
  region size 1024K, 10 young (10240K), 10 survivors (10240K)
 Metaspace       used 121201K, committed 123648K, reserved 1179648K
  class space    used 16739K, committed 17920K, reserved 1048576K
}
Event: 32.795 GC heap before
{Heap before GC invocations=44 (full 0):
 garbage-first heap   total 278528K, used 252928K [0x0000000080000000, 0x0000000100000000)
  region size 1024K, 88 young (90112K), 10 survivors (10240K)
 Metaspace       used 123359K, committed 125824K, reserved 1179648K
  class space    used 17059K, committed 18240K, reserved 1048576K
}
Event: 32.818 GC heap after
{Heap after GC invocations=45 (full 0):
 garbage-first heap   total 278528K, used 183161K [0x0000000080000000, 0x0000000100000000)
  region size 1024K, 11 young (11264K), 11 survivors (11264K)
 Metaspace       used 123359K, committed 125824K, reserved 1179648K
  class space    used 17059K, committed 18240K, reserved 1048576K
}
Event: 33.523 GC heap before
{Heap before GC invocations=45 (full 0):
 garbage-first heap   total 278528K, used 250745K [0x0000000080000000, 0x0000000100000000)
  region size 1024K, 78 young (79872K), 11 survivors (11264K)
 Metaspace       used 124121K, committed 126592K, reserved 1179648K
  class space    used 17220K, committed 18432K, reserved 1048576K
}
Event: 33.536 GC heap after
{Heap after GC invocations=46 (full 0):
 garbage-first heap   total 278528K, used 191045K [0x0000000080000000, 0x0000000100000000)
  region size 1024K, 8 young (8192K), 8 survivors (8192K)
 Metaspace       used 124121K, committed 126592K, reserved 1179648K
  class space    used 17220K, committed 18432K, reserved 1048576K
}
Event: 34.221 GC heap before
{Heap before GC invocations=47 (full 0):
 garbage-first heap   total 319488K, used 252485K [0x0000000080000000, 0x0000000100000000)
  region size 1024K, 68 young (69632K), 8 survivors (8192K)
 Metaspace       used 124213K, committed 126656K, reserved 1179648K
  class space    used 17229K, committed 18432K, reserved 1048576K
}
Event: 34.230 GC heap after
{Heap after GC invocations=48 (full 0):
 garbage-first heap   total 319488K, used 193442K [0x0000000080000000, 0x0000000100000000)
  region size 1024K, 6 young (6144K), 6 survivors (6144K)
 Metaspace       used 124213K, committed 126656K, reserved 1179648K
  class space    used 17229K, committed 18432K, reserved 1048576K
}
Event: 34.789 GC heap before
{Heap before GC invocations=48 (full 0):
 garbage-first heap   total 319488K, used 292770K [0x0000000080000000, 0x0000000100000000)
  region size 1024K, 104 young (106496K), 6 survivors (6144K)
 Metaspace       used 124338K, committed 126912K, reserved 1179648K
  class space    used 17247K, committed 18496K, reserved 1048576K
}
Event: 34.799 GC heap after
{Heap after GC invocations=49 (full 0):
 garbage-first heap   total 319488K, used 188251K [0x0000000080000000, 0x0000000100000000)
  region size 1024K, 9 young (9216K), 9 survivors (9216K)
 Metaspace       used 124338K, committed 126912K, reserved 1179648K
  class space    used 17247K, committed 18496K, reserved 1048576K
}
Event: 35.527 GC heap before
{Heap before GC invocations=49 (full 0):
 garbage-first heap   total 319488K, used 290651K [0x0000000080000000, 0x0000000100000000)
  region size 1024K, 110 young (112640K), 9 survivors (9216K)
 Metaspace       used 126613K, committed 129088K, reserved 1179648K
  class space    used 17596K, committed 18816K, reserved 1048576K
}
Event: 35.538 GC heap after
{Heap after GC invocations=50 (full 0):
 garbage-first heap   total 319488K, used 192867K [0x0000000080000000, 0x0000000100000000)
  region size 1024K, 10 young (10240K), 10 survivors (10240K)
 Metaspace       used 126613K, committed 129088K, reserved 1179648K
  class space    used 17596K, committed 18816K, reserved 1048576K
}
Event: 36.119 GC heap before
{Heap before GC invocations=51 (full 0):
 garbage-first heap   total 322560K, used 290147K [0x0000000080000000, 0x0000000100000000)
  region size 1024K, 106 young (108544K), 10 survivors (10240K)
 Metaspace       used 129398K, committed 131968K, reserved 1179648K
  class space    used 17978K, committed 19200K, reserved 1048576K
}
Event: 36.130 GC heap after
{Heap after GC invocations=52 (full 0):
 garbage-first heap   total 322560K, used 197810K [0x0000000080000000, 0x0000000100000000)
  region size 1024K, 12 young (12288K), 12 survivors (12288K)
 Metaspace       used 129398K, committed 131968K, reserved 1179648K
  class space    used 17978K, committed 19200K, reserved 1048576K
}
Event: 37.163 GC heap before
{Heap before GC invocations=52 (full 0):
 garbage-first heap   total 322560K, used 290994K [0x0000000080000000, 0x0000000100000000)
  region size 1024K, 104 young (106496K), 12 survivors (12288K)
 Metaspace       used 137896K, committed 140416K, reserved 1179648K
  class space    used 19191K, committed 20416K, reserved 1048576K
}
Event: 37.180 GC heap after
{Heap after GC invocations=53 (full 0):
 garbage-first heap   total 322560K, used 202012K [0x0000000080000000, 0x0000000100000000)
  region size 1024K, 13 young (13312K), 13 survivors (13312K)
 Metaspace       used 137896K, committed 140416K, reserved 1179648K
  class space    used 19191K, committed 20416K, reserved 1048576K
}

