# JRE version: OpenJDK Runtime Environment (21.0.8) (build 21.0.8+-14196175-b1038.72)
# Java VM: OpenJDK 64-Bit Server VM (21.0.8+-14196175-b1038.72, mixed mode, tiered, compressed oops, compressed class ptrs, g1 gc, windows-amd64)
GC Precious Log:
 CardTable entry size: 512
 Card Set container configuration: InlinePtr #cards 5 size 8 Array Of Cards #cards 12 size 40 Howl #buckets 4 coarsen threshold 1843 Howl Bitmap #cards 512 size 80 coarsen threshold 460 Card regions per heap region 1 cards per card region 2048
 CPUs: 8 total, 8 available
 Memory: 7876M
 Large Page Support: Disabled
 NUMA Support: Disabled
 Compressed Oops: Enabled (32-bit)
 Heap Region Size: 1M
 Heap Min Capacity: 8M
 Heap Initial Capacity: 124M
 Heap Max Capacity: 2G
 Pre-touch: Disabled
 Parallel Workers: 8
 Concurrent Workers: 2
 Concurrent Refinement Workers: 8
 Periodic GC: Disabled
Heap:
 garbage-first heap   total 372736K, used 330867K [0x0000000080000000, 0x0000000100000000)
  region size 1024K, 15 young (15360K), 13 survivors (13312K)
 Metaspace       used 159058K, committed 161984K, reserved 1245184K
  class space    used 22232K, committed 23616K, reserved 1048576K
GC Heap History (20 events):
Event: 76.184 GC heap before
{Heap before GC invocations=45 (full 0):
 garbage-first heap   total 270336K, used 243912K [0x0000000080000000, 0x0000000100000000)
  region size 1024K, 72 young (73728K), 10 survivors (10240K)
 Metaspace       used 124138K, committed 126528K, reserved 1179648K
  class space    used 17198K, committed 18368K, reserved 1048576K
}
Event: 76.213 GC heap after
{Heap after GC invocations=46 (full 0):
 garbage-first heap   total 270336K, used 191488K [0x0000000080000000, 0x0000000100000000)
  region size 1024K, 9 young (9216K), 9 survivors (9216K)
 Metaspace       used 124138K, committed 126528K, reserved 1179648K
  class space    used 17198K, committed 18368K, reserved 1048576K
}
Event: 77.050 GC heap before
{Heap before GC invocations=47 (full 0):
 garbage-first heap   total 319488K, used 243712K [0x0000000080000000, 0x0000000100000000)
  region size 1024K, 60 young (61440K), 9 survivors (9216K)
 Metaspace       used 124214K, committed 126656K, reserved 1179648K
  class space    used 17211K, committed 18432K, reserved 1048576K
}
Event: 77.061 GC heap after
{Heap after GC invocations=48 (full 0):
 garbage-first heap   total 319488K, used 194776K [0x0000000080000000, 0x0000000100000000)
  region size 1024K, 6 young (6144K), 6 survivors (6144K)
 Metaspace       used 124214K, committed 126656K, reserved 1179648K
  class space    used 17211K, committed 18432K, reserved 1048576K
}
Event: 78.652 GC heap before
{Heap before GC invocations=48 (full 0):
 garbage-first heap   total 319488K, used 291032K [0x0000000080000000, 0x0000000100000000)
  region size 1024K, 100 young (102400K), 6 survivors (6144K)
 Metaspace       used 124350K, committed 126848K, reserved 1179648K
  class space    used 17225K, committed 18432K, reserved 1048576K
}
Event: 78.668 GC heap after
{Heap after GC invocations=49 (full 0):
 garbage-first heap   total 319488K, used 188018K [0x0000000080000000, 0x0000000100000000)
  region size 1024K, 9 young (9216K), 9 survivors (9216K)
 Metaspace       used 124350K, committed 126848K, reserved 1179648K
  class space    used 17225K, committed 18432K, reserved 1048576K
}
Event: 80.599 GC heap before
{Heap before GC invocations=49 (full 0):
 garbage-first heap   total 319488K, used 290418K [0x0000000080000000, 0x0000000100000000)
  region size 1024K, 110 young (112640K), 9 survivors (9216K)
 Metaspace       used 125102K, committed 127616K, reserved 1179648K
  class space    used 17360K, committed 18624K, reserved 1048576K
}
Event: 80.614 GC heap after
{Heap after GC invocations=50 (full 0):
 garbage-first heap   total 319488K, used 196186K [0x0000000080000000, 0x0000000100000000)
  region size 1024K, 14 young (14336K), 14 survivors (14336K)
 Metaspace       used 125102K, committed 127616K, reserved 1179648K
  class space    used 17360K, committed 18624K, reserved 1048576K
}
Event: 83.513 GC heap before
{Heap before GC invocations=51 (full 0):
 garbage-first heap   total 327680K, used 291418K [0x0000000080000000, 0x0000000100000000)
  region size 1024K, 104 young (106496K), 14 survivors (14336K)
 Metaspace       used 132836K, committed 135296K, reserved 1179648K
  class space    used 18381K, committed 19584K, reserved 1048576K
}
Event: 83.540 GC heap after
{Heap after GC invocations=52 (full 0):
 garbage-first heap   total 327680K, used 216208K [0x0000000080000000, 0x0000000100000000)
  region size 1024K, 13 young (13312K), 13 survivors (13312K)
 Metaspace       used 132836K, committed 135296K, reserved 1179648K
  class space    used 18381K, committed 19584K, reserved 1048576K
}
Event: 85.334 GC heap before
{Heap before GC invocations=52 (full 0):
 garbage-first heap   total 327680K, used 295056K [0x0000000080000000, 0x0000000100000000)
  region size 1024K, 91 young (93184K), 13 survivors (13312K)
 Metaspace       used 135861K, committed 138432K, reserved 1179648K
  class space    used 18751K, committed 20032K, reserved 1048576K
}
Event: 85.357 GC heap after
{Heap after GC invocations=53 (full 0):
 garbage-first heap   total 327680K, used 219425K [0x0000000080000000, 0x0000000100000000)
  region size 1024K, 10 young (10240K), 10 survivors (10240K)
 Metaspace       used 135861K, committed 138432K, reserved 1179648K
  class space    used 18751K, committed 20032K, reserved 1048576K
}
Event: 85.838 GC heap before
{Heap before GC invocations=53 (full 0):
 garbage-first heap   total 327680K, used 297249K [0x0000000080000000, 0x0000000100000000)
  region size 1024K, 87 young (89088K), 10 survivors (10240K)
 Metaspace       used 135869K, committed 138432K, reserved 1179648K
  class space    used 18751K, committed 20032K, reserved 1048576K
}
Event: 85.848 GC heap after
{Heap after GC invocations=54 (full 0):
 garbage-first heap   total 327680K, used 223232K [0x0000000080000000, 0x0000000100000000)
  region size 1024K, 6 young (6144K), 6 survivors (6144K)
 Metaspace       used 135869K, committed 138432K, reserved 1179648K
  class space    used 18751K, committed 20032K, reserved 1048576K
}
Event: 86.711 GC heap before
{Heap before GC invocations=55 (full 0):
 garbage-first heap   total 372736K, used 301056K [0x0000000080000000, 0x0000000100000000)
  region size 1024K, 83 young (84992K), 6 survivors (6144K)
 Metaspace       used 136591K, committed 139072K, reserved 1179648K
  class space    used 18878K, committed 20096K, reserved 1048576K
}
Event: 86.723 GC heap after
{Heap after GC invocations=56 (full 0):
 garbage-first heap   total 372736K, used 224825K [0x0000000080000000, 0x0000000100000000)
  region size 1024K, 8 young (8192K), 8 survivors (8192K)
 Metaspace       used 136591K, committed 139072K, reserved 1179648K
  class space    used 18878K, committed 20096K, reserved 1048576K
}
Event: 89.047 GC heap before
{Heap before GC invocations=56 (full 0):
 garbage-first heap   total 372736K, used 340537K [0x0000000080000000, 0x0000000100000000)
  region size 1024K, 122 young (124928K), 8 survivors (8192K)
 Metaspace       used 151859K, committed 154432K, reserved 1245184K
  class space    used 21167K, committed 22400K, reserved 1048576K
}
Event: 89.061 GC heap after
{Heap after GC invocations=57 (full 0):
 garbage-first heap   total 372736K, used 221617K [0x0000000080000000, 0x0000000100000000)
  region size 1024K, 11 young (11264K), 11 survivors (11264K)
 Metaspace       used 151859K, committed 154432K, reserved 1245184K
  class space    used 21167K, committed 22400K, reserved 1048576K
}
Event: 90.655 GC heap before
{Heap before GC invocations=57 (full 0):
 garbage-first heap   total 372736K, used 321969K [0x0000000080000000, 0x0000000100000000)
  region size 1024K, 111 young (113664K), 11 survivors (11264K)
 Metaspace       used 159465K, committed 162112K, reserved 1245184K
  class space    used 22254K, committed 23552K, reserved 1048576K
}
Event: 90.669 GC heap after
{Heap after GC invocations=58 (full 0):
 garbage-first heap   total 372736K, used 226419K [0x0000000080000000, 0x0000000100000000)
  region size 1024K, 13 young (13312K), 13 survivors (13312K)
 Metaspace       used 159465K, committed 162112K, reserved 1245184K
  class space    used 22254K, committed 23552K, reserved 1048576K
}

